css/gritter.css                    replace
css/local.css
css/quiki.css                      replace
data/content/index                 
images/gritter-bg-tile.png         replace,binary
images/gritter-bottom.png          replace,binary
images/gritter-close-ie6.gif       replace,binary
images/gritter-close.png           replace,binary
images/gritter-top.png             replace,binary
images/grippie.png                 replace,binary
index.html                         replace
js/jquery.gritter.js               replace
js/jquery.floatbox.js              replace
js/jquery.js                       replace
js/jquery.textarearesizer.js       replace
quiki.cgi                          replace
quiki.conf
css/textarea.css                   replace
themes/default/header.tmpl         replace
themes/default/body.tmpl           replace
themes/default/edit.tmpl           replace
themes/default/login_page.tmpl     replace
themes/default/main.tmpl           replace
themes/default/menu_bar.tmpl       replace
themes/default/nav_bar.tmpl        replace
themes/default/profile_page.tmpl   replace
themes/default/register_page.tmpl  replace
themes/default/wrapper.tmpl         replace


